#
# A fatal error has been detected by the Java Runtime Environment:
#
#  EXCEPTION_UNCAUGHT_CXX_EXCEPTION (0xe06d7363) at pc=0x000007fc7ee0811c, pid=5496, tid=2552
#
# JRE version: Java(TM) SE Runtime Environment (7.0_45-b18) (build 1.7.0_45-b18)
# Java VM: Java HotSpot(TM) 64-Bit Server VM (24.45-b08 mixed mode windows-amd64 compressed oops)
# Problematic frame:
# C  [KERNELBASE.dll+0x3811c]
#
# Failed to write core dump. Minidumps are not enabled by default on client versions of Windows
#
# If you would like to submit a bug report, please visit:
#   http://bugreport.sun.com/bugreport/crash.jsp
# The crash happened outside the Java Virtual Machine in native code.
# See problematic frame for where to report the bug.
#

---------------  T H R E A D  ---------------

Current thread (0x0000000009a89800):  JavaThread "JavaFX Application Thread" [_thread_in_native, id=2552, stack(0x000000000bb70000,0x000000000bc70000)]

siginfo: ExceptionCode=0xe06d7363, ExceptionInformation=0x0000000019930520 0x000000000bc6d4e0 0x000000005f917ba8 0x000000005f8f0000 

Registers:
RAX=0x000000005fd8e3be, RBX=0x000000000bc6d4e0, RCX=0x000000000bc6d1e8, RDX=0x000000000bc6ce79
RSP=0x000000000bc6d370, RBP=0x000000000bc6d4b0, RSI=0x0000000000000000, RDI=0x000000005f917ba8
R8 =0x000000000284db63, R9 =0x0000000002835410, R10=0x0000000d00000000, R11=0x000000000bc6cf60
R12=0x0000000000040100, R13=0x000000000bc6d820, R14=0x0000000009a899e8, R15=0x0000000009a899e8
RIP=0x000007fc7ee0811c, EFLAGS=0x0000000000000206

Top of Stack: (sp=0x000000000bc6d370)
0x000000000bc6d370:   0000039b911fa80d 000000000bc6d4e0
0x000000000bc6d380:   0000000000000000 000000005f917ba8
0x000000000bc6d390:   00000001e06d7363 0000000000000000
0x000000000bc6d3a0:   000007fc7ee0811c 0000000000000004
0x000000000bc6d3b0:   0000000019930520 000000000bc6d4e0
0x000000000bc6d3c0:   000000005f917ba8 000000005f8f0000
0x000000000bc6d3d0:   0000000000000000 000000000a859a10
0x000000000bc6d3e0:   0000000000c36b88 0000000000000084
0x000000000bc6d3f0:   0000000000000084 0000000000c36ac0
0x000000000bc6d400:   0000000000000002 0000000000000084
0x000000000bc6d410:   0000000000000002 00000000000000b0
0x000000000bc6d420:   0000000009a899e8 0000000009a899e8
0x000000000bc6d430:   00000bb06e000538 0000000000000000
0x000000000bc6d440:   000000000bc6d4e0 00000000605214f1
0x000000000bc6d450:   0000000000000002 000000000bc6d4c0
0x000000000bc6d460:   0000000000000001 000000005f8f0000 

Instructions: (pc=0x000007fc7ee0811c)
0x000007fc7ee080fc:   44 3b c0 44 0f 47 c0 44 89 44 24 38 49 c1 e0 03
0x000007fc7ee0810c:   e8 3f 93 fc ff 48 8d 4c 24 20 ff 15 04 06 0b 00
0x000007fc7ee0811c:   48 8b 8c 24 c0 00 00 00 48 33 cc e8 e4 92 fc ff
0x000007fc7ee0812c:   48 81 c4 d8 00 00 00 c3 90 90 90 90 90 90 90 90 


Register to memory mapping:

RAX=0x000000005fd8e3be is an unknown value
RBX=0x000000000bc6d4e0 is pointing into the stack for thread: 0x0000000009a89800
RCX=0x000000000bc6d1e8 is pointing into the stack for thread: 0x0000000009a89800
RDX=0x000000000bc6ce79 is pointing into the stack for thread: 0x0000000009a89800
RSP=0x000000000bc6d370 is pointing into the stack for thread: 0x0000000009a89800
RBP=0x000000000bc6d4b0 is pointing into the stack for thread: 0x0000000009a89800
RSI=0x0000000000000000 is an unknown value
RDI=0x000000005f917ba8 is an unknown value
R8 =0x000000000284db63 is at code_begin+99 in an Interpreter codelet
invokevirtual  182 invokevirtual  [0x000000000284db00, 0x000000000284dd40]  576 bytes
R9 =0x0000000002835410 is at code_begin+-80 in 
[CodeBlob (0x0000000002835410)]
Framesize: 0
BufferBlob (0x0000000002835410) used for Interpreter
R10=0x0000000d00000000 is an unknown value
R11=0x000000000bc6cf60 is pointing into the stack for thread: 0x0000000009a89800
R12=0x0000000000040100 is an unknown value
R13=0x000000000bc6d820 is pointing into the stack for thread: 0x0000000009a89800
R14=0x0000000009a899e8 is an unknown value
R15=0x0000000009a899e8 is an unknown value


Stack: [0x000000000bb70000,0x000000000bc70000],  sp=0x000000000bc6d370,  free space=1012k
Native frames: (J=compiled Java code, j=interpreted, Vv=VM code, C=native code)
C  [KERNELBASE.dll+0x3811c]

Java frames: (J=compiled Java code, j=interpreted, Vv=VM code)
j  com.sun.glass.ui.win.WinDnDClipboard.push([Ljava/lang/Object;I)V+0
j  com.sun.glass.ui.win.WinSystemClipboard.pushToSystem(Ljava/util/HashMap;I)V+90
j  com.sun.glass.ui.SystemClipboard.flush(Lcom/sun/glass/ui/ClipboardAssistance;Ljava/util/HashMap;I)V+10
j  com.sun.glass.ui.ClipboardAssistance.flush()V+13
j  com.sun.javafx.tk.quantum.QuantumClipboard.flush()V+8
j  com.sun.javafx.tk.quantum.QuantumToolkit.startDrag(Ljava/lang/Object;Ljava/util/Set;Lcom/sun/javafx/tk/TKDragSourceListener;Ljavafx/scene/input/Dragboard;)V+102
j  javafx.scene.Scene$DnDGesture.dragDetectedProcessed()V+63
j  javafx.scene.Scene$DnDGesture.process(Ljavafx/scene/input/MouseEvent;Ljavafx/event/EventTarget;)Z+69
j  javafx.scene.Scene$DnDGesture.access$8700(Ljavafx/scene/Scene$DnDGesture;Ljavafx/scene/input/MouseEvent;Ljavafx/event/EventTarget;)Z+3
j  javafx.scene.Scene$MouseHandler.process(Ljavafx/scene/input/MouseEvent;Z)V+482
j  javafx.scene.Scene$MouseHandler.process(Ljavafx/scene/input/MouseEvent;)V+3
j  javafx.scene.Scene$MouseHandler.access$1900(Ljavafx/scene/Scene$MouseHandler;Ljavafx/scene/input/MouseEvent;)V+2
j  javafx.scene.Scene.impl_processMouseEvent(Ljavafx/scene/input/MouseEvent;)V+16
j  javafx.scene.Scene$ScenePeerListener.mouseEvent(Ljava/lang/Object;)V+11
j  com.sun.javafx.tk.quantum.GlassViewEventHandler$MouseEventNotification.run()Ljava/lang/Void;+329
j  com.sun.javafx.tk.quantum.GlassViewEventHandler$MouseEventNotification.run()Ljava/lang/Object;+1
v  ~StubRoutines::call_stub
j  java.security.AccessController.doPrivileged(Ljava/security/PrivilegedAction;Ljava/security/AccessControlContext;)Ljava/lang/Object;+0
j  com.sun.javafx.tk.quantum.GlassViewEventHandler.handleMouseEvent(Lcom/sun/glass/ui/View;JIIIIIIIIZZ)V+117
j  com.sun.glass.ui.View.handleMouseEvent(JIIIIIIIIZZ)V+38
j  com.sun.glass.ui.View.notifyMouse(IIIIIIIZZ)V+184
v  ~StubRoutines::call_stub
j  com.sun.glass.ui.win.WinApplication._runLoop([Ljava/lang/String;Lcom/sun/glass/ui/Launchable;)V+0
j  com.sun.glass.ui.win.WinApplication.access$100(Lcom/sun/glass/ui/win/WinApplication;[Ljava/lang/String;Lcom/sun/glass/ui/Launchable;)V+3
j  com.sun.glass.ui.win.WinApplication$3$1.run()V+32
j  java.lang.Thread.run()V+11
v  ~StubRoutines::call_stub

---------------  P R O C E S S  ---------------

Java Threads: ( => current thread )
  0x000000000a8c2000 JavaThread "Prism Font Disposer" daemon [_thread_blocked, id=3404, stack(0x000000000e6d0000,0x000000000e7d0000)]
  0x000000000998e800 JavaThread "Thread-3" daemon [_thread_in_native, id=1048, stack(0x000000000d600000,0x000000000d700000)]
=>0x0000000009a89800 JavaThread "JavaFX Application Thread" [_thread_in_native, id=2552, stack(0x000000000bb70000,0x000000000bc70000)]
  0x00000000099f4800 JavaThread "Thread-2" daemon [_thread_blocked, id=5524, stack(0x000000000ba70000,0x000000000bb70000)]
  0x00000000099a0800 JavaThread "Disposer" daemon [_thread_blocked, id=1232, stack(0x000000000aee0000,0x000000000afe0000)]
  0x000000000a4ac000 JavaThread "QuantumRenderer-0" daemon [_thread_blocked, id=5068, stack(0x000000000ac90000,0x000000000ad90000)]
  0x000000000987e800 JavaThread "JavaFX-Launcher" [_thread_blocked, id=2936, stack(0x000000000a390000,0x000000000a490000)]
  0x00000000097b9000 JavaThread "traceMsgQueueThread" daemon [_thread_blocked, id=5084, stack(0x0000000009b90000,0x0000000009c90000)]
  0x0000000008445800 JavaThread "Service Thread" daemon [_thread_blocked, id=5400, stack(0x0000000009590000,0x0000000009690000)]
  0x0000000008445000 JavaThread "C2 CompilerThread1" daemon [_thread_blocked, id=816, stack(0x0000000009490000,0x0000000009590000)]
  0x0000000008440000 JavaThread "C2 CompilerThread0" daemon [_thread_blocked, id=2008, stack(0x0000000009390000,0x0000000009490000)]
  0x000000000843e000 JavaThread "Attach Listener" daemon [_thread_blocked, id=1528, stack(0x0000000009290000,0x0000000009390000)]
  0x000000000843a800 JavaThread "Signal Dispatcher" daemon [_thread_blocked, id=288, stack(0x0000000009190000,0x0000000009290000)]
  0x0000000008409000 JavaThread "Finalizer" daemon [_thread_blocked, id=5824, stack(0x0000000009090000,0x0000000009190000)]
  0x00000000083fe000 JavaThread "Reference Handler" daemon [_thread_blocked, id=2088, stack(0x0000000008f90000,0x0000000009090000)]
  0x0000000002732800 JavaThread "main" [_thread_blocked, id=3128, stack(0x00000000025d0000,0x00000000026d0000)]

Other Threads:
  0x00000000083fb800 VMThread [stack: 0x0000000008e90000,0x0000000008f90000] [id=5416]
  0x0000000008461800 WatcherThread [stack: 0x0000000009690000,0x0000000009790000] [id=3280]

VM state:not at safepoint (normal execution)

VM Mutex/Monitor currently owned by a thread: None

Heap
 PSYoungGen      total 19456K, used 4206K [0x00000000ead00000, 0x00000000ec280000, 0x0000000100000000)
  eden space 16896K, 9% used [0x00000000ead00000,0x00000000eae9ea30,0x00000000ebd80000)
  from space 2560K, 99% used [0x00000000ec000000,0x00000000ec27cea0,0x00000000ec280000)
  to   space 2560K, 0% used [0x00000000ebd80000,0x00000000ebd80000,0x00000000ec000000)
 ParOldGen       total 43008K, used 9666K [0x00000000c0800000, 0x00000000c3200000, 0x00000000ead00000)
  object space 43008K, 22% used [0x00000000c0800000,0x00000000c1170bd8,0x00000000c3200000)
 PSPermGen       total 21504K, used 16968K [0x00000000bb600000, 0x00000000bcb00000, 0x00000000c0800000)
  object space 21504K, 78% used [0x00000000bb600000,0x00000000bc692338,0x00000000bcb00000)

Card table byte_map: [0x00000000058f0000,0x0000000005b20000] byte_map_base: 0x0000000005315000

Polling page: 0x0000000000e50000

Code Cache  [0x0000000002830000, 0x0000000002aa0000, 0x0000000005830000)
 total_blobs=992 nmethods=459 adapters=485 free_code_cache=47575Kb largest_free_block=48677440

Compilation events (10 events):
Event: 33.901 Thread 0x0000000008440000  478             com.sun.javafx.scene.input.InputEventUtils::recomputeCoordinates (194 bytes)
Event: 33.926 Thread 0x0000000008440000 nmethod 478 0x00000000029b8f10 code [0x00000000029b9120, 0x00000000029b9920]
Event: 34.165 Thread 0x0000000008445000  479 %           javafx.scene.Node::buildEventDispatchChain @ 32 (83 bytes)
Event: 34.182 Thread 0x0000000008445000 nmethod 479% 0x00000000029be310 code [0x00000000029be4e0, 0x00000000029beb48]
Event: 34.186 Thread 0x0000000008440000  480             javafx.scene.Node::buildEventDispatchChain (83 bytes)
Event: 34.202 Thread 0x0000000008440000 nmethod 480 0x00000000029bf3d0 code [0x00000000029bf5c0, 0x00000000029bfbd8]
Event: 35.055 Thread 0x0000000008445000  481             javafx.scene.Node::getLocalBounds (139 bytes)
Event: 35.075 Thread 0x0000000008445000 nmethod 481 0x00000000029c0490 code [0x00000000029c06a0, 0x00000000029c0d70]
Event: 35.100 Thread 0x0000000008440000  482   !         javafx.scene.Node::containsBounds (154 bytes)
Event: 35.124 Thread 0x0000000008440000 nmethod 482 0x00000000029bad10 code [0x00000000029baf60, 0x00000000029bb930]

GC Heap History (8 events):
Event: 3.113 GC heap before
{Heap before GC invocations=1 (full 0):
 PSYoungGen      total 19456K, used 16896K [0x00000000ead00000, 0x00000000ec280000, 0x0000000100000000)
  eden space 16896K, 100% used [0x00000000ead00000,0x00000000ebd80000,0x00000000ebd80000)
  from space 2560K, 0% used [0x00000000ec000000,0x00000000ec000000,0x00000000ec280000)
  to   space 2560K, 0% used [0x00000000ebd80000,0x00000000ebd80000,0x00000000ec000000)
 ParOldGen       total 43008K, used 0K [0x00000000c0800000, 0x00000000c3200000, 0x00000000ead00000)
  object space 43008K, 0% used [0x00000000c0800000,0x00000000c0800000,0x00000000c3200000)
 PSPermGen       total 21504K, used 9059K [0x00000000bb600000, 0x00000000bcb00000, 0x00000000c0800000)
  object space 21504K, 42% used [0x00000000bb600000,0x00000000bbed8d88,0x00000000bcb00000)
Event: 3.122 GC heap after
Heap after GC invocations=1 (full 0):
 PSYoungGen      total 19456K, used 2540K [0x00000000ead00000, 0x00000000ec280000, 0x0000000100000000)
  eden space 16896K, 0% used [0x00000000ead00000,0x00000000ead00000,0x00000000ebd80000)
  from space 2560K, 99% used [0x00000000ebd80000,0x00000000ebffb030,0x00000000ec000000)
  to   space 2560K, 0% used [0x00000000ec000000,0x00000000ec000000,0x00000000ec280000)
 ParOldGen       total 43008K, used 242K [0x00000000c0800000, 0x00000000c3200000, 0x00000000ead00000)
  object space 43008K, 0% used [0x00000000c0800000,0x00000000c083cb20,0x00000000c3200000)
 PSPermGen       total 21504K, used 9059K [0x00000000bb600000, 0x00000000bcb00000, 0x00000000c0800000)
  object space 21504K, 42% used [0x00000000bb600000,0x00000000bbed8d88,0x00000000bcb00000)
}
Event: 6.753 GC heap before
{Heap before GC invocations=2 (full 0):
 PSYoungGen      total 19456K, used 19436K [0x00000000ead00000, 0x00000000ec280000, 0x0000000100000000)
  eden space 16896K, 100% used [0x00000000ead00000,0x00000000ebd80000,0x00000000ebd80000)
  from space 2560K, 99% used [0x00000000ebd80000,0x00000000ebffb030,0x00000000ec000000)
  to   space 2560K, 0% used [0x00000000ec000000,0x00000000ec000000,0x00000000ec280000)
 ParOldGen       total 43008K, used 242K [0x00000000c0800000, 0x00000000c3200000, 0x00000000ead00000)
  object space 43008K, 0% used [0x00000000c0800000,0x00000000c083cb20,0x00000000c3200000)
 PSPermGen       total 21504K, used 14392K [0x00000000bb600000, 0x00000000bcb00000, 0x00000000c0800000)
  object space 21504K, 66% used [0x00000000bb600000,0x00000000bc40e0f8,0x00000000bcb00000)
Event: 6.768 GC heap after
Heap after GC invocations=2 (full 0):
 PSYoungGen      total 19456K, used 2541K [0x00000000ead00000, 0x00000000ec280000, 0x0000000100000000)
  eden space 16896K, 0% used [0x00000000ead00000,0x00000000ead00000,0x00000000ebd80000)
  from space 2560K, 99% used [0x00000000ec000000,0x00000000ec27b598,0x00000000ec280000)
  to   space 2560K, 0% used [0x00000000ebd80000,0x00000000ebd80000,0x00000000ec000000)
 ParOldGen       total 43008K, used 2306K [0x00000000c0800000, 0x00000000c3200000, 0x00000000ead00000)
  object space 43008K, 5% used [0x00000000c0800000,0x00000000c0a40888,0x00000000c3200000)
 PSPermGen       total 21504K, used 14392K [0x00000000bb600000, 0x00000000bcb00000, 0x00000000c0800000)
  object space 21504K, 66% used [0x00000000bb600000,0x00000000bc40e0f8,0x00000000bcb00000)
}
Event: 8.091 GC heap before
{Heap before GC invocations=3 (full 0):
 PSYoungGen      total 19456K, used 19437K [0x00000000ead00000, 0x00000000ec280000, 0x0000000100000000)
  eden space 16896K, 100% used [0x00000000ead00000,0x00000000ebd80000,0x00000000ebd80000)
  from space 2560K, 99% used [0x00000000ec000000,0x00000000ec27b598,0x00000000ec280000)
  to   space 2560K, 0% used [0x00000000ebd80000,0x00000000ebd80000,0x00000000ec000000)
 ParOldGen       total 43008K, used 2306K [0x00000000c0800000, 0x00000000c3200000, 0x00000000ead00000)
  object space 43008K, 5% used [0x00000000c0800000,0x00000000c0a40888,0x00000000c3200000)
 PSPermGen       total 21504K, used 16175K [0x00000000bb600000, 0x00000000bcb00000, 0x00000000c0800000)
  object space 21504K, 75% used [0x00000000bb600000,0x00000000bc5cbf48,0x00000000bcb00000)
Event: 8.105 GC heap after
Heap after GC invocations=3 (full 0):
 PSYoungGen      total 19456K, used 2533K [0x00000000ead00000, 0x00000000ec280000, 0x0000000100000000)
  eden space 16896K, 0% used [0x00000000ead00000,0x00000000ead00000,0x00000000ebd80000)
  from space 2560K, 98% used [0x00000000ebd80000,0x00000000ebff9550,0x00000000ec000000)
  to   space 2560K, 0% used [0x00000000ec000000,0x00000000ec000000,0x00000000ec280000)
 ParOldGen       total 43008K, used 4467K [0x00000000c0800000, 0x00000000c3200000, 0x00000000ead00000)
  object space 43008K, 10% used [0x00000000c0800000,0x00000000c0c5cd70,0x00000000c3200000)
 PSPermGen       total 21504K, used 16175K [0x00000000bb600000, 0x00000000bcb00000, 0x00000000c0800000)
  object space 21504K, 75% used [0x00000000bb600000,0x00000000bc5cbf48,0x00000000bcb00000)
}
Event: 32.922 GC heap before
{Heap before GC invocations=4 (full 0):
 PSYoungGen      total 19456K, used 19429K [0x00000000ead00000, 0x00000000ec280000, 0x0000000100000000)
  eden space 16896K, 100% used [0x00000000ead00000,0x00000000ebd80000,0x00000000ebd80000)
  from space 2560K, 98% used [0x00000000ebd80000,0x00000000ebff9550,0x00000000ec000000)
  to   space 2560K, 0% used [0x00000000ec000000,0x00000000ec000000,0x00000000ec280000)
 ParOldGen       total 43008K, used 4467K [0x00000000c0800000, 0x00000000c3200000, 0x00000000ead00000)
  object space 43008K, 10% used [0x00000000c0800000,0x00000000c0c5cd70,0x00000000c3200000)
 PSPermGen       total 21504K, used 16616K [0x00000000bb600000, 0x00000000bcb00000, 0x00000000c0800000)
  object space 21504K, 77% used [0x00000000bb600000,0x00000000bc63a148,0x00000000bcb00000)
Event: 32.944 GC heap after
Heap after GC invocations=4 (full 0):
 PSYoungGen      total 19456K, used 2547K [0x00000000ead00000, 0x00000000ec280000, 0x0000000100000000)
  eden space 16896K, 0% used [0x00000000ead00000,0x00000000ead00000,0x00000000ebd80000)
  from space 2560K, 99% used [0x00000000ec000000,0x00000000ec27cea0,0x00000000ec280000)
  to   space 2560K, 0% used [0x00000000ebd80000,0x00000000ebd80000,0x00000000ec000000)
 ParOldGen       total 43008K, used 9666K [0x00000000c0800000, 0x00000000c3200000, 0x00000000ead00000)
  object space 43008K, 22% used [0x00000000c0800000,0x00000000c1170bd8,0x00000000c3200000)
 PSPermGen       total 21504K, used 16616K [0x00000000bb600000, 0x00000000bcb00000, 0x00000000c0800000)
  object space 21504K, 77% used [0x00000000bb600000,0x00000000bc63a148,0x00000000bcb00000)
}

Deoptimization events (10 events):
Event: 32.842 Thread 0x0000000009a89800 Uncommon trap: reason=bimorphic action=maybe_recompile pc=0x0000000002946038 method=java.util.HashMap.put(Ljava/lang/Object;Ljava/lang/Object;)Ljava/lang/Object; @ 137
Event: 33.676 Thread 0x0000000009a89800 Uncommon trap: reason=unreached action=reinterpret pc=0x000000000297b640 method=com.sun.javafx.scene.EnteredExitedHandler.dispatchCapturingEvent(Ljavafx/event/Event;)Ljavafx/event/Event; @ 168
Event: 33.679 Thread 0x0000000009a89800 Uncommon trap: reason=class_check action=maybe_recompile pc=0x00000000028d8834 method=javafx.scene.Node.getLocalBounds(Lcom/sun/javafx/geom/BaseBounds;Lcom/sun/javafx/geom/transform/BaseTransform;)Lcom/sun/javafx/geom/BaseBounds; @ 31
Event: 33.679 Thread 0x0000000009a89800 Uncommon trap: reason=class_check action=maybe_recompile pc=0x00000000028d8834 method=javafx.scene.Node.getLocalBounds(Lcom/sun/javafx/geom/BaseBounds;Lcom/sun/javafx/geom/transform/BaseTransform;)Lcom/sun/javafx/geom/BaseBounds; @ 31
Event: 33.679 Thread 0x0000000009a89800 Uncommon trap: reason=class_check action=maybe_recompile pc=0x0000000002987468 method=javafx.scene.Node.containsBounds(DD)Z @ 131
Event: 33.688 Thread 0x0000000009a89800 Uncommon trap: reason=class_check action=maybe_recompile pc=0x00000000028d8834 method=javafx.scene.Node.getLocalBounds(Lcom/sun/javafx/geom/BaseBounds;Lcom/sun/javafx/geom/transform/BaseTransform;)Lcom/sun/javafx/geom/BaseBounds; @ 31
Event: 33.688 Thread 0x0000000009a89800 Uncommon trap: reason=class_check action=maybe_recompile pc=0x0000000002987468 method=javafx.scene.Node.containsBounds(DD)Z @ 131
Event: 33.691 Thread 0x0000000009a89800 Uncommon trap: reason=class_check action=maybe_recompile pc=0x00000000028d8834 method=javafx.scene.Node.getLocalBounds(Lcom/sun/javafx/geom/BaseBounds;Lcom/sun/javafx/geom/transform/BaseTransform;)Lcom/sun/javafx/geom/BaseBounds; @ 31
Event: 33.691 Thread 0x0000000009a89800 Uncommon trap: reason=class_check action=maybe_recompile pc=0x0000000002987468 method=javafx.scene.Node.containsBounds(DD)Z @ 131
Event: 33.703 Thread 0x0000000009a89800 Uncommon trap: reason=class_check action=maybe_recompile pc=0x0000000002987468 method=javafx.scene.Node.containsBounds(DD)Z @ 131

Internal exceptions (10 events):
Event: 7.911 Thread 0x000000000ac05800 Threw 0x00000000eb9be360 at C:\re\jdk7u45\229\hotspot\src\share\vm\prims\jvm.cpp:1244
Event: 7.911 Thread 0x000000000ac05800 Threw 0x00000000eb9c13f8 at C:\re\jdk7u45\229\hotspot\src\share\vm\prims\jvm.cpp:1244
Event: 7.911 Thread 0x000000000ac05800 Threw 0x00000000eb9c4318 at C:\re\jdk7u45\229\hotspot\src\share\vm\prims\jvm.cpp:1244
Event: 7.912 Thread 0x000000000ac05800 Threw 0x00000000eb9c7410 at C:\re\jdk7u45\229\hotspot\src\share\vm\prims\jvm.cpp:1244
Event: 7.912 Thread 0x000000000ac05800 Threw 0x00000000eb9ca350 at C:\re\jdk7u45\229\hotspot\src\share\vm\prims\jvm.cpp:1244
Event: 7.915 Thread 0x000000000ac05800 Threw 0x00000000eba1b008 at C:\re\jdk7u45\229\hotspot\src\share\vm\prims\jvm.cpp:1244
Event: 26.970 Thread 0x0000000009a89800 Implicit null exception at 0x000000000290c1a3 to 0x000000000290c401
Event: 32.829 Thread 0x0000000009a89800 Implicit null exception at 0x000000000290828b to 0x00000000029093ad
Event: 35.620 Thread 0x0000000009a89800 Threw 0x00000000eae579e0 at C:\re\jdk7u45\229\hotspot\src\share\vm\interpreter\interpreterRuntime.cpp:362
Event: 35.620 Thread 0x0000000009a89800 Threw 0x00000000eae579e0 at C:\re\jdk7u45\229\hotspot\src\share\vm\prims\jvm.cpp:1248

Events (10 events):
Event: 35.619 loading class 0x000000000a4ad680
Event: 35.619 loading class 0x000000000a4ad680 done
Event: 35.619 loading class 0x000000000a6c6d20
Event: 35.619 loading class 0x000000000a6c6d20 done
Event: 35.620 loading class 0x0000000002781370
Event: 35.620 loading class 0x00000000027815e0
Event: 35.620 loading class 0x00000000027815e0 done
Event: 35.620 loading class 0x0000000002781370 done
Event: 35.620 loading class 0x000000000a82fc80
Event: 35.620 loading class 0x000000000a82fc80 done


Dynamic libraries:
0x000007f782440000 - 0x000007f782473000 	C:\Program Files\Java\jdk1.7.0_45\bin\java.exe
0x000007fc81e20000 - 0x000007fc81fe0000 	C:\Windows\SYSTEM32\ntdll.dll
0x000007fc7f210000 - 0x000007fc7f346000 	C:\Windows\system32\KERNEL32.DLL
0x000007fc7edd0000 - 0x000007fc7eec3000 	C:\Windows\system32\KERNELBASE.dll
0x000007fc81840000 - 0x000007fc8191e000 	C:\Windows\system32\ADVAPI32.dll
0x000007fc7f750000 - 0x000007fc7f89c000 	C:\Windows\system32\USER32.dll
0x000007fc7b330000 - 0x000007fc7b59a000 	C:\Windows\WinSxS\amd64_microsoft.windows.common-controls_6595b64144ccf1df_6.0.9200.16579_none_418ab7ef718b27ef\COMCTL32.dll
0x000007fc80250000 - 0x000007fc802f5000 	C:\Windows\system32\msvcrt.dll
0x000007fc81750000 - 0x000007fc81798000 	C:\Windows\SYSTEM32\sechost.dll
0x000007fc7f600000 - 0x000007fc7f745000 	C:\Windows\system32\RPCRT4.dll
0x000007fc800b0000 - 0x000007fc801f1000 	C:\Windows\system32\GDI32.dll
0x000007fc7fc20000 - 0x000007fc7fc59000 	C:\Windows\system32\IMM32.DLL
0x000007fc81b30000 - 0x000007fc81c46000 	C:\Windows\system32\MSCTF.dll
0x00000000604c0000 - 0x0000000060592000 	C:\Program Files\Java\jdk1.7.0_45\jre\bin\msvcr100.dll
0x000000005fcf0000 - 0x00000000604b9000 	C:\Program Files\Java\jdk1.7.0_45\jre\bin\server\jvm.dll
0x000007fc7bee0000 - 0x000007fc7bee9000 	C:\Windows\SYSTEM32\WSOCK32.dll
0x000007fc7b890000 - 0x000007fc7b8b0000 	C:\Windows\SYSTEM32\WINMM.dll
0x000007fc7f8b0000 - 0x000007fc7f8b7000 	C:\Windows\system32\PSAPI.DLL
0x000007fc7f8c0000 - 0x000007fc7f918000 	C:\Windows\system32\WS2_32.dll
0x000007fc7b850000 - 0x000007fc7b883000 	C:\Windows\SYSTEM32\WINMMBASE.dll
0x000007fc800a0000 - 0x000007fc800a9000 	C:\Windows\system32\NSI.dll
0x000007fc7f0b0000 - 0x000007fc7f0ff000 	C:\Windows\SYSTEM32\cfgmgr32.dll
0x000007fc7eda0000 - 0x000007fc7edc2000 	C:\Windows\system32\DEVOBJ.dll
0x000000005fca0000 - 0x000000005fcaf000 	C:\Program Files\Java\jdk1.7.0_45\jre\bin\verify.dll
0x000000005fc70000 - 0x000000005fc98000 	C:\Program Files\Java\jdk1.7.0_45\jre\bin\java.dll
0x000000005fc50000 - 0x000000005fc65000 	C:\Program Files\Java\jdk1.7.0_45\jre\bin\zip.dll
0x000000005f940000 - 0x000000005f9b5000 	C:\Program Files\Java\jdk1.7.0_45\jre\bin\deploy.dll
0x000007fc7faa0000 - 0x000007fc7fc1e000 	C:\Windows\system32\ole32.dll
0x000007fc7f920000 - 0x000007fc7f9e3000 	C:\Windows\system32\OLEAUT32.dll
0x000007fc7b030000 - 0x000007fc7b039000 	C:\Windows\SYSTEM32\VERSION.dll
0x000007fc7fc60000 - 0x000007fc7fe8d000 	C:\Windows\system32\WININET.dll
0x000007fc80300000 - 0x000007fc80459000 	C:\Windows\system32\urlmon.dll
0x000007fc81920000 - 0x000007fc81ad0000 	C:\Windows\SYSTEM32\combase.dll
0x000007fc7f370000 - 0x000007fc7f5fc000 	C:\Windows\system32\iertutil.dll
0x000007fc80200000 - 0x000007fc80250000 	C:\Windows\system32\SHLWAPI.dll
0x000007fc80460000 - 0x000007fc81740000 	C:\Windows\system32\SHELL32.dll
0x000007fc7d470000 - 0x000007fc7d505000 	C:\Windows\SYSTEM32\SHCORE.dll
0x000007fc7ecd0000 - 0x000007fc7ece5000 	C:\Windows\SYSTEM32\profapi.dll
0x000007fc789f0000 - 0x000007fc789fb000 	C:\Windows\SYSTEM32\Secur32.dll
0x000007fc7ea80000 - 0x000007fc7eaac000 	C:\Windows\SYSTEM32\SSPICLI.DLL
0x000007fc795a0000 - 0x000007fc79651000 	C:\Windows\SYSTEM32\winhttp.dll
0x000007fc7e520000 - 0x000007fc7e57c000 	C:\Windows\system32\mswsock.dll
0x000007fc7bd50000 - 0x000007fc7bd7a000 	C:\Windows\SYSTEM32\IPHLPAPI.DLL
0x000007fc7bd20000 - 0x000007fc7bd2a000 	C:\Windows\SYSTEM32\WINNSI.DLL
0x000007fc7e360000 - 0x000007fc7e3f8000 	C:\Windows\SYSTEM32\DNSAPI.dll
0x000007fc7a990000 - 0x000007fc7a9a3000 	C:\Windows\SYSTEM32\dhcpcsvc6.DLL
0x000007fc78a00000 - 0x000007fc78a08000 	C:\Windows\System32\rasadhlp.dll
0x000007fc7a970000 - 0x000007fc7a988000 	C:\Windows\SYSTEM32\dhcpcsvc.DLL
0x000000005f930000 - 0x000000005f940000 	C:\Program Files\Java\jdk1.7.0_45\jre\bin\prism-d3d.dll
0x000007fc74000000 - 0x000007fc74200000 	C:\Windows\system32\d3d9.dll
0x000007fc7d280000 - 0x000007fc7d2a1000 	C:\Windows\SYSTEM32\dwmapi.dll
0x000007fc7d9a0000 - 0x000007fc7da86000 	C:\Windows\system32\uxtheme.dll
0x000007fc6ddd0000 - 0x000007fc6e426000 	C:\Windows\SYSTEM32\igdumd64.dll
0x000000005f8f0000 - 0x000000005f922000 	C:\Program Files\Java\jdk1.7.0_45\jre\bin\glass.dll
0x000007fc7f9f0000 - 0x000007fc7fa91000 	C:\Windows\system32\COMDLG32.dll
0x000007fc7eb10000 - 0x000007fc7eb1a000 	C:\Windows\SYSTEM32\CRYPTBASE.dll
0x000007fc7eab0000 - 0x000007fc7eb0c000 	C:\Windows\SYSTEM32\bcryptPrimitives.dll
0x000007fc817a0000 - 0x000007fc81836000 	C:\Windows\SYSTEM32\clbcatq.dll
0x000007fc7d7f0000 - 0x000007fc7d983000 	C:\Windows\SYSTEM32\WindowsCodecs.dll
0x000007fc76580000 - 0x000007fc765ae000 	C:\Program Files\Common Files\Microsoft Shared\Ink\rtscom.dll
0x000000005f8a0000 - 0x000000005f8f0000 	C:\Program Files\Java\jdk1.7.0_45\jre\bin\javafx-font.dll
0x000000005f860000 - 0x000000005f89a000 	C:\Program Files\Java\jdk1.7.0_45\jre\bin\javafx-iio.dll
0x000007fc7e580000 - 0x000007fc7e59a000 	C:\Windows\SYSTEM32\CRYPTSP.dll
0x000007fc7e200000 - 0x000007fc7e24b000 	C:\Windows\system32\rsaenh.dll
0x000007fc7c070000 - 0x000007fc7c1d3000 	C:\Windows\SYSTEM32\dbghelp.dll

VM Arguments:
jvm_args: -Dfile.encoding=UTF-8 
java_command: com.javafx.main.Main
Launcher Type: SUN_STANDARD

Environment Variables:
JAVA_HOME=C:\Program Files\Java\jdk1.7.0_45
PATH=C:\Program Files\CollabNet\Subversion Client;C:\Windows\system32;C:\Windows;C:\Windows\System32\Wbem;C:\Windows\System32\WindowsPowerShell\v1.0\;C:\Program Files\TortoiseSVN\bin;C:\Program Files\Java\jdk1.7.0_45\bin
USERNAME=d.michaelides
OS=Windows_NT
PROCESSOR_IDENTIFIER=Intel64 Family 6 Model 23 Stepping 10, GenuineIntel



---------------  S Y S T E M  ---------------

OS: Windows 8 , 64 bit Build 9200 

CPU:total 2 (2 cores per cpu, 1 threads per core) family 6 model 23 stepping 10, cmov, cx8, fxsr, mmx, sse, sse2, sse3, ssse3, tsc

Memory: 4k page, physical 4158580k(1759716k free), swap 6609580k(3785172k free)

vm_info: Java HotSpot(TM) 64-Bit Server VM (24.45-b08) for windows-amd64 JRE (1.7.0_45-b18), built on Oct  8 2013 05:47:22 by "java_re" with unknown MS VC++:1600

time: Tue Feb 18 10:15:32 2014
elapsed time: 35 seconds

